warning: ignoring unsupported tag `ALLOW_UNICODE_NAMES    =' at line 79, file /home/travis/build/stdgregwar/elve/doc/Doxyfile
warning: ignoring unsupported tag `MARKDOWN_SUPPORT       =' at line 304, file /home/travis/build/stdgregwar/elve/doc/Doxyfile
warning: ignoring unsupported tag `TOC_INCLUDE_HEADINGS   =' at line 313, file /home/travis/build/stdgregwar/elve/doc/Doxyfile
warning: ignoring unsupported tag `AUTOLINK_SUPPORT       =' at line 321, file /home/travis/build/stdgregwar/elve/doc/Doxyfile
warning: ignoring unsupported tag `GROUP_NESTED_COMPOUNDS =' at line 370, file /home/travis/build/stdgregwar/elve/doc/Doxyfile
warning: ignoring unsupported tag `EXTRACT_PACKAGE        =' at line 450, file /home/travis/build/stdgregwar/elve/doc/Doxyfile
warning: ignoring unsupported tag `HIDE_COMPOUND_REFERENCE=' at line 541, file /home/travis/build/stdgregwar/elve/doc/Doxyfile
warning: ignoring unsupported tag `SHOW_GROUPED_MEMB_INC  =' at line 554, file /home/travis/build/stdgregwar/elve/doc/Doxyfile
warning: ignoring unsupported tag `WARN_AS_ERROR          =' at line 765, file /home/travis/build/stdgregwar/elve/doc/Doxyfile
warning: ignoring unsupported tag `USE_MDFILE_AS_MAINPAGE =' at line 985, file /home/travis/build/stdgregwar/elve/doc/Doxyfile
warning: ignoring unsupported tag `SOURCE_TOOLTIPS        =' at line 1041, file /home/travis/build/stdgregwar/elve/doc/Doxyfile
warning: ignoring unsupported tag `HTML_EXTRA_STYLESHEET  =' at line 1176, file /home/travis/build/stdgregwar/elve/doc/Doxyfile
warning: ignoring unsupported tag `HTML_INDEX_NUM_ENTRIES =' at line 1246, file /home/travis/build/stdgregwar/elve/doc/Doxyfile
warning: ignoring unsupported tag `MATHJAX_FORMAT         =' at line 1527, file /home/travis/build/stdgregwar/elve/doc/Doxyfile
warning: ignoring unsupported tag `MATHJAX_CODEFILE       =' at line 1555, file /home/travis/build/stdgregwar/elve/doc/Doxyfile
warning: ignoring unsupported tag `EXTERNAL_SEARCH        =' at line 1604, file /home/travis/build/stdgregwar/elve/doc/Doxyfile
warning: ignoring unsupported tag `SEARCHENGINE_URL       =' at line 1615, file /home/travis/build/stdgregwar/elve/doc/Doxyfile
warning: ignoring unsupported tag `SEARCHDATA_FILE        =' at line 1623, file /home/travis/build/stdgregwar/elve/doc/Doxyfile
warning: ignoring unsupported tag `EXTERNAL_SEARCH_ID     =' at line 1631, file /home/travis/build/stdgregwar/elve/doc/Doxyfile
warning: ignoring unsupported tag `EXTRA_SEARCH_MAPPINGS  =' at line 1641, file /home/travis/build/stdgregwar/elve/doc/Doxyfile
warning: ignoring unsupported tag `LATEX_EXTRA_STYLESHEET =' at line 1743, file /home/travis/build/stdgregwar/elve/doc/Doxyfile
warning: ignoring unsupported tag `LATEX_EXTRA_FILES      =' at line 1751, file /home/travis/build/stdgregwar/elve/doc/Doxyfile
warning: ignoring unsupported tag `LATEX_TIMESTAMP        =' at line 1810, file /home/travis/build/stdgregwar/elve/doc/Doxyfile
warning: ignoring unsupported tag `RTF_SOURCE_CODE        =' at line 1876, file /home/travis/build/stdgregwar/elve/doc/Doxyfile
warning: ignoring unsupported tag `MAN_SUBDIR             =' at line 1911, file /home/travis/build/stdgregwar/elve/doc/Doxyfile
warning: ignoring unsupported tag `GENERATE_DOCBOOK       =' at line 1957, file /home/travis/build/stdgregwar/elve/doc/Doxyfile
warning: ignoring unsupported tag `DOCBOOK_OUTPUT         =' at line 1965, file /home/travis/build/stdgregwar/elve/doc/Doxyfile
warning: ignoring unsupported tag `DOCBOOK_PROGRAMLISTING =' at line 1974, file /home/travis/build/stdgregwar/elve/doc/Doxyfile
warning: ignoring unsupported tag `EXTERNAL_PAGES         =' at line 2148, file /home/travis/build/stdgregwar/elve/doc/Doxyfile
warning: ignoring unsupported tag `DIA_PATH               =' at line 2183, file /home/travis/build/stdgregwar/elve/doc/Doxyfile
warning: ignoring unsupported tag `UML_LIMIT_NUM_FIELDS   =' at line 2277, file /home/travis/build/stdgregwar/elve/doc/Doxyfile
warning: ignoring unsupported tag `DIAFILE_DIRS           =' at line 2395, file /home/travis/build/stdgregwar/elve/doc/Doxyfile
warning: ignoring unsupported tag `PLANTUML_JAR_PATH      =' at line 2403, file /home/travis/build/stdgregwar/elve/doc/Doxyfile
warning: ignoring unsupported tag `PLANTUML_CFG_FILE      =' at line 2408, file /home/travis/build/stdgregwar/elve/doc/Doxyfile
warning: ignoring unsupported tag `PLANTUML_INCLUDE_PATH  =' at line 2413, file /home/travis/build/stdgregwar/elve/doc/Doxyfile
warning: failed to open layout file 'doc/DoxygenLayout.xml' for reading!
Searching for include files...
Searching for example files...
Searching for images...
Searching for dot files...
Searching for msc files...
Searching for files to exclude
Searching for files to process...
Searching for files in directory /home/travis/build/stdgregwar/elve/Core
Searching for files in directory /home/travis/build/stdgregwar/elve/Core/interfaces
Reading and parsing tag files
Preprocessing /home/travis/build/stdgregwar/elve/Core/BoxConstraint.cpp...
Parsing file /home/travis/build/stdgregwar/elve/Core/BoxConstraint.cpp...
Preprocessing /home/travis/build/stdgregwar/elve/Core/BoxConstraint.h...
Parsing file /home/travis/build/stdgregwar/elve/Core/BoxConstraint.h...
Preprocessing /home/travis/build/stdgregwar/elve/Core/CommandHistory.cpp...
Parsing file /home/travis/build/stdgregwar/elve/Core/CommandHistory.cpp...
Preprocessing /home/travis/build/stdgregwar/elve/Core/CommandHistory.h...
Parsing file /home/travis/build/stdgregwar/elve/Core/CommandHistory.h...
Preprocessing /home/travis/build/stdgregwar/elve/Core/Constraint.cpp...
Parsing file /home/travis/build/stdgregwar/elve/Core/Constraint.cpp...
Preprocessing /home/travis/build/stdgregwar/elve/Core/Constraint.h...
Parsing file /home/travis/build/stdgregwar/elve/Core/Constraint.h...
Preprocessing /home/travis/build/stdgregwar/elve/Core/Damp.cpp...
Parsing file /home/travis/build/stdgregwar/elve/Core/Damp.cpp...
Preprocessing /home/travis/build/stdgregwar/elve/Core/Damp.h...
Parsing file /home/travis/build/stdgregwar/elve/Core/Damp.h...
Preprocessing /home/travis/build/stdgregwar/elve/Core/ExtendedGraph.cpp...
Parsing file /home/travis/build/stdgregwar/elve/Core/ExtendedGraph.cpp...
Preprocessing /home/travis/build/stdgregwar/elve/Core/ExtendedGraph.h...
Parsing file /home/travis/build/stdgregwar/elve/Core/ExtendedGraph.h...
Preprocessing /home/travis/build/stdgregwar/elve/Core/Force.cpp...
Parsing file /home/travis/build/stdgregwar/elve/Core/Force.cpp...
Preprocessing /home/travis/build/stdgregwar/elve/Core/Force.h...
Parsing file /home/travis/build/stdgregwar/elve/Core/Force.h...
Preprocessing /home/travis/build/stdgregwar/elve/Core/Graph.cpp...
Parsing file /home/travis/build/stdgregwar/elve/Core/Graph.cpp...
Preprocessing /home/travis/build/stdgregwar/elve/Core/Graph.h...
Parsing file /home/travis/build/stdgregwar/elve/Core/Graph.h...
Preprocessing /home/travis/build/stdgregwar/elve/Core/GraphData.cpp...
Parsing file /home/travis/build/stdgregwar/elve/Core/GraphData.cpp...
Preprocessing /home/travis/build/stdgregwar/elve/Core/GraphData.h...
Parsing file /home/travis/build/stdgregwar/elve/Core/GraphData.h...
Preprocessing /home/travis/build/stdgregwar/elve/Core/GraphWidget.cpp...
Parsing file /home/travis/build/stdgregwar/elve/Core/GraphWidget.cpp...
Preprocessing /home/travis/build/stdgregwar/elve/Core/GraphWidget.h...
Parsing file /home/travis/build/stdgregwar/elve/Core/GraphWidget.h...
Preprocessing /home/travis/build/stdgregwar/elve/Core/Gravity.cpp...
Parsing file /home/travis/build/stdgregwar/elve/Core/Gravity.cpp...
Preprocessing /home/travis/build/stdgregwar/elve/Core/Gravity.h...
Parsing file /home/travis/build/stdgregwar/elve/Core/Gravity.h...
Preprocessing /home/travis/build/stdgregwar/elve/Core/interfaces/EdgeLook.cpp...
Parsing file /home/travis/build/stdgregwar/elve/Core/interfaces/EdgeLook.cpp...
Preprocessing /home/travis/build/stdgregwar/elve/Core/interfaces/EdgeLook.h...
Parsing file /home/travis/build/stdgregwar/elve/Core/interfaces/EdgeLook.h...
Preprocessing /home/travis/build/stdgregwar/elve/Core/interfaces/FileExporterPlugin.cpp...
Parsing file /home/travis/build/stdgregwar/elve/Core/interfaces/FileExporterPlugin.cpp...
Preprocessing /home/travis/build/stdgregwar/elve/Core/interfaces/FileExporterPlugin.h...
Parsing file /home/travis/build/stdgregwar/elve/Core/interfaces/FileExporterPlugin.h...
Preprocessing /home/travis/build/stdgregwar/elve/Core/interfaces/GraphLoaderPlugin.h...
Parsing file /home/travis/build/stdgregwar/elve/Core/interfaces/GraphLoaderPlugin.h...
Preprocessing /home/travis/build/stdgregwar/elve/Core/interfaces/GraphTransformPlugin.h...
Parsing file /home/travis/build/stdgregwar/elve/Core/interfaces/GraphTransformPlugin.h...
Preprocessing /home/travis/build/stdgregwar/elve/Core/interfaces/GraphWidgetListener.cpp...
Parsing file /home/travis/build/stdgregwar/elve/Core/interfaces/GraphWidgetListener.cpp...
Preprocessing /home/travis/build/stdgregwar/elve/Core/interfaces/GraphWidgetListener.h...
Parsing file /home/travis/build/stdgregwar/elve/Core/interfaces/GraphWidgetListener.h...
Preprocessing /home/travis/build/stdgregwar/elve/Core/interfaces/LayoutPlugin.cpp...
Parsing file /home/travis/build/stdgregwar/elve/Core/interfaces/LayoutPlugin.cpp...
Preprocessing /home/travis/build/stdgregwar/elve/Core/interfaces/LayoutPlugin.h...
Parsing file /home/travis/build/stdgregwar/elve/Core/interfaces/LayoutPlugin.h...
Preprocessing /home/travis/build/stdgregwar/elve/Core/interfaces/LoaderInterface.cpp...
Parsing file /home/travis/build/stdgregwar/elve/Core/interfaces/LoaderInterface.cpp...
Preprocessing /home/travis/build/stdgregwar/elve/Core/interfaces/LookFactoryPlugin.cpp...
Parsing file /home/travis/build/stdgregwar/elve/Core/interfaces/LookFactoryPlugin.cpp...
Preprocessing /home/travis/build/stdgregwar/elve/Core/interfaces/LookFactoryPlugin.h...
Parsing file /home/travis/build/stdgregwar/elve/Core/interfaces/LookFactoryPlugin.h...
Preprocessing /home/travis/build/stdgregwar/elve/Core/interfaces/NodeLook.cpp...
Parsing file /home/travis/build/stdgregwar/elve/Core/interfaces/NodeLook.cpp...
Preprocessing /home/travis/build/stdgregwar/elve/Core/interfaces/NodeLook.h...
Parsing file /home/travis/build/stdgregwar/elve/Core/interfaces/NodeLook.h...
Preprocessing /home/travis/build/stdgregwar/elve/Core/interfaces/Plugin.cpp...
Parsing file /home/travis/build/stdgregwar/elve/Core/interfaces/Plugin.cpp...
Preprocessing /home/travis/build/stdgregwar/elve/Core/interfaces/Plugin.h...
Parsing file /home/travis/build/stdgregwar/elve/Core/interfaces/Plugin.h...
Preprocessing /home/travis/build/stdgregwar/elve/Core/LinearConstraint.cpp...
Parsing file /home/travis/build/stdgregwar/elve/Core/LinearConstraint.cpp...
Preprocessing /home/travis/build/stdgregwar/elve/Core/LinearConstraint.h...
Parsing file /home/travis/build/stdgregwar/elve/Core/LinearConstraint.h...
Preprocessing /home/travis/build/stdgregwar/elve/Core/Movable.cpp...
Parsing file /home/travis/build/stdgregwar/elve/Core/Movable.cpp...
Preprocessing /home/travis/build/stdgregwar/elve/Core/Movable.h...
Parsing file /home/travis/build/stdgregwar/elve/Core/Movable.h...
Preprocessing /home/travis/build/stdgregwar/elve/Core/Node.cpp...
Parsing file /home/travis/build/stdgregwar/elve/Core/Node.cpp...
Preprocessing /home/travis/build/stdgregwar/elve/Core/Node.h...
Parsing file /home/travis/build/stdgregwar/elve/Core/Node.h...
Preprocessing /home/travis/build/stdgregwar/elve/Core/NodeData.cpp...
Parsing file /home/travis/build/stdgregwar/elve/Core/NodeData.cpp...
Preprocessing /home/travis/build/stdgregwar/elve/Core/NodeData.h...
Parsing file /home/travis/build/stdgregwar/elve/Core/NodeData.h...
Preprocessing /home/travis/build/stdgregwar/elve/Core/PluginManager.cpp...
Parsing file /home/travis/build/stdgregwar/elve/Core/PluginManager.cpp...
Preprocessing /home/travis/build/stdgregwar/elve/Core/PluginManager.h...
Parsing file /home/travis/build/stdgregwar/elve/Core/PluginManager.h...
Preprocessing /home/travis/build/stdgregwar/elve/Core/Point.cpp...
Parsing file /home/travis/build/stdgregwar/elve/Core/Point.cpp...
Preprocessing /home/travis/build/stdgregwar/elve/Core/Point.h...
Parsing file /home/travis/build/stdgregwar/elve/Core/Point.h...
Preprocessing /home/travis/build/stdgregwar/elve/Core/PointConstraint.cpp...
Parsing file /home/travis/build/stdgregwar/elve/Core/PointConstraint.cpp...
Preprocessing /home/travis/build/stdgregwar/elve/Core/PointConstraint.h...
Parsing file /home/travis/build/stdgregwar/elve/Core/PointConstraint.h...
Preprocessing /home/travis/build/stdgregwar/elve/Core/QuadTree.cpp...
Parsing file /home/travis/build/stdgregwar/elve/Core/QuadTree.cpp...
Preprocessing /home/travis/home/travis/build/stdgregwar/elve/Core/Gravity.h:11: warning: Compound Elve::Gravity is not documented.
/home/travis/build/stdgregwar/elve/Core/GraphData.h:16: warning: Compound Elve::GraphData::Builder is not documented.
/home/travis/build/stdgregwar/elve/Core/Node.h:26: warning: Compound Elve::Node is not documented.
/home/travis/build/stdgregwar/elve/Core/QuadTreeNode.h:22: warning: Compound Elve::QuadTreeNode is not documented.
/home/travis/build/stdgregwar/elve/Core/Singleton.h:7: warning: Compound Singleton is not documented.
/home/travis/build/stdgregwar/elve/Core/CommandHistory.h:10: warning: Compound Elve::CommandHistory is not documented.
/home/travis/build/stdgregwar/elve/Core/PointConstraint.h:10: warning: Compound Elve::PointConstraint is not documented.
/home/travis/build/stdgregwar/elve/Core/QuadTree.h:16: warning: Compound Elve::QuadTree is not documented.
/home/travis/build/stdgregwar/elve/Core/GraphWidget.h:29: warning: Compound Elve::GraphWidget is not documented.
/home/travis/build/stdgregwar/elve/Core/Graph.h:28: warning: Compound Elve::Pin_hash is not documented.
/home/travis/build/stdgregwar/elve/Core/interfaces/GraphWidgetListener.h:21: warning: Compound Elve::DummyListener is not documented.
/home/travis/build/stdgregwar/elve/Core/Selection.h:10: warning: Compound Elve::Selection is not documented.
/home/travis/build/stdgregwar/elve/Core/BoxConstraint.h:11: warning: Compound Elve::BoxConstraint is not documented.
/home/travis/build/stdgregwar/elve/Core/Node.h:31: warning: Compound Elve::Node::Connexion is not documented.
/home/travis/build/stdgregwar/elve/Core/System.h:28: warning: Compound Elve::System is not documented.
/home/travis/build/stdgregwar/elve/Core/Damp.h:9: warning: Compound Elve::Damp is not documented.
/home/travis/build/stdgregwar/elve/Core/Movable.h:11: warning: Compound Elve::Movable is not documented.
/home/travis/build/stdgregwar/elve/Core/LinearConstraint.h:8: warning: Compound Elve::LinearConstraint is not documented.
/home/travis/build/stdgregwar/elve/Core/Spring.h:11: warning: Compound Elve::Spring is not documented.
/home/travis/build/stdgregwar/elve/Core/QuadTreeNode.h:15: warning: Compound Elve::QuadTreeParams is not documented.
/home/travis/build/stdgregwar/elve/Core/Point.h:15: warning: Compound Elve::Point is not documented.
/home/travis/build/stdgregwar/elve/Core/Force.h:11: warning: Compound Elve::Force is not documented.
/home/travis/build/stdgregwar/elve/Core/GraphData.h:13: warning: Compound Elve::GraphData is not documented.
/home/travis/build/stdgregwar/elve/Core/NodeData.h:24: warning: Compound Elve::Dependency is not documented.
/home/travis/build/stdgregwar/elve/Core/Constraint.h:9: warning: Compound Elve::Constraint is not documented.
/home/travis/build/stdgregwar/elve/Core/NodeData.h:47: warning: Compound Elve::NodeData is not documented.
/home/travis/build/stdgregwar/elve/Core/Graph.cpp:32: warning: no matching class member found for 
  Elve::Graph::Graph(const SharedData &data, const SparseData &extraData, const Aliases &aliases, const NodeIDSet &excluded)
Possible candidates:
  Elve::Graph::Graph(const SharedData &data)
  Elve::Graph::Graph(const SharedData &data, const SparseData &extraData, const Aliases &aliases, const NodeIDSet &excluded={})

/home/travis/build/stdgregwar/elve/Core/GraphData.cpp:11: warning: no matching class member found for 
  Elve::GraphData::GraphData(const NodeDatas &nodesData, QString filename)
Possible candidates:
  Elve::GraphData::GraphData(const NodeDatas &nodesData={}, QString filename="graph")
  Elve::GraphData::GraphData(const QJsonObject &obj)

/home/travis/build/stdgregwar/elve/Core/NodeData.cpp:35: warning: no matching class member found for 
  Elve::NodeData::NodeData(const NodeID &id, const NodeName &name, const Dependencies &dependencies, const NodeType &type, const NodeProperties &props, const Index &ioindex, int inputCount, int outputCount, const Names &inputNames, const Names &outputNames)
Possible candidates:
  Elve::NodeData::NodeData(const NodeID &id=-1, const NodeName &name="unnamed", const Dependencies &dependencies={}, const NodeType &type=NODE, const NodeProperties &props={}, const Index &ioindex=0, int inputCount=2, int outputCount=1, const Names &inputNames={}, const Names &outputNames={})
  Elve::NodeData::NodeData(const QJsonObject &obj)

/build/stdgregwar/elve/Core/QuadTree.h...
Parsing file /home/travis/build/stdgregwar/elve/Core/QuadTree.h...
Preprocessing /home/travis/build/stdgregwar/elve/Core/QuadTreeNode.cpp...
Parsing file /home/travis/build/stdgregwar/elve/Core/QuadTreeNode.cpp...
Preprocessing /home/travis/build/stdgregwar/elve/Core/QuadTreeNode.h...
Parsing file /home/travis/build/stdgregwar/elve/Core/QuadTreeNode.h...
Preprocessing /home/travis/build/stdgregwar/elve/Core/Selection.cpp...
Parsing file /home/travis/build/stdgregwar/elve/Core/Selection.cpp...
Preprocessing /home/travis/build/stdgregwar/elve/Core/Selection.h...
Parsing file /home/travis/build/stdgregwar/elve/Core/Selection.h...
Preprocessing /home/travis/build/stdgregwar/elve/Core/Singleton.h...
Parsing file /home/travis/build/stdgregwar/elve/Core/Singleton.h...
Preprocessing /home/travis/build/stdgregwar/elve/Core/Spring.cpp...
Parsing file /home/travis/build/stdgregwar/elve/Core/Spring.cpp...
Preprocessing /home/travis/build/stdgregwar/elve/Core/Spring.h...
Parsing file /home/travis/build/stdgregwar/elve/Core/Spring.h...
Preprocessing /home/travis/build/stdgregwar/elve/Core/System.cpp...
Parsing file /home/travis/build/stdgregwar/elve/Core/System.cpp...
Preprocessing /home/travis/build/stdgregwar/elve/Core/System.h...
Parsing file /home/travis/build/stdgregwar/elve/Core/System.h...
Preprocessing /home/travis/build/stdgregwar/elve/Core/utils.h...
Parsing file /home/travis/build/stdgregwar/elve/Core/utils.h...
Building group list...
Building directory list...
Building namespace list...
Building file list...
Building class list...
Associating documentation with classes...
Computing nesting relations for classes...
Building example list...
Searching for enumerations...
Searching for documented typedefs...
Searching for members imported via using declarations...
Searching for included using directives...
Searching for documented variables...
Building member list...
Searching for friends...
Searching for documented defines...
Computing class inheritance relations...
Computing class usage relations...
Flushing cached template relations that have become invalid...
Creating members for template instances...
Computing class relations...
Add enum values to enums...
Searching for member function documentation...
Building page list...
Search for main page...
Computing page relations...
Determining the scope of groups...
Sorting lists...
Freeing entry tree
Determining which enums are documented
Computing member relations...
Building full member lists recursively...
Adding members to member groups.
Computing member references...
Inheriting documentation...
Generating disk names...
Adding source references...
Adding xrefitems...
Sorting member lists...
Generating citations page...
Counting data structures...
Resolving user defined references...
Finding anchors and sections in the documentation...
Combining using relations...
Adding members to index pages...
Generating style sheet...
Generating search indices...
Generating example documentation...
Generating file sources...
Generating code for file /home/travis/build/stdgregwar/elve/Core/BoxConstraint.cpp...
Generating code for file /home/travis/build/stdgregwar/elve/Core/BoxConstraint.h...
Generating code for file /home/travis/build/stdgregwar/elve/Core/CommandHistory.cpp...
Generating code for file /home/travis/build/stdgregwar/elve/Core/CommandHistory.h...
Generating code for file /home/travis/build/stdgregwar/elve/Core/Constraint.cpp...
Generating code for file /home/travis/build/stdgregwar/elve/Core/Constraint.h...
Generating code for file /home/travis/build/stdgregwar/elve/Core/Damp.cpp...
Generating code for file /home/travis/build/stdgregwar/elve/Core/Damp.h...
Generating code for file /home/travis/build/stdgregwar/elve/Core/ExtendedGraph.cpp...
Generating code for file /home/travis/build/stdgregwar/elve/Core/ExtendedGraph.h...
Generating code for file /home/travis/build/stdgregwar/elve/Core/Force.cpp...
Generating code for file /home/travis/build/stdgregwar/elve/Core/Force.h...
Generating code for file /home/travis/build/stdgregwar/elve/Core/Graph.cpp...
Generating code for file /home/travis/build/stdgregwar/elve/Core/Graph.h...
Generating code for file /home/travis/build/stdgregwar/elve/Core/GraphData.cpp...
Generating code for file /home/travis/build/stdgregwar/elve/Core/GraphData.h...
Generating code for file /home/travis/build/stdgregwar/elve/Core/GraphWidget.cpp...
Generating code for file /home/travis/build/stdgregwar/elve/Core/GraphWidget.h...
Generating code for file /home/travis/build/stdgregwar/elve/Core/Gravity.cpp...
Generating code for file /home/travis/build/stdgregwar/elve/Core/Gravity.h...
Generating code for file /home/travis/build/stdgregwar/elve/Core/interfaces/EdgeLook.cpp...
Generating code for file /home/travis/build/stdgregwar/elve/Core/interfaces/EdgeLook.h...
Generating code for file /home/travis/build/stdgregwar/elve/Core/interfaces/FileExporterPlugin.cpp...
Generating code for file /home/travis/build/stdgregwar/elve/Core/interfaces/FileExporterPlugin.h...
Generating code for file /home/travis/build/stdgregwar/elve/Core/interfaces/GraphLoaderPlugin.h...
Generating code for file /home/travis/build/stdgregwar/elve/Core/interfaces/GraphTransformPlugin.h...
Generating code for file /home/travis/build/stdgregwar/elve/Core/interfaces/GraphWidgetListener.cpp...
Generating code for file /home/travis/build/stdgregwar/elve/Core/interfaces/GraphWidgetListener.h...
Generating code for file /home/travis/build/stdgregwar/elve/Core/interfaces/LayoutPlugin.cpp...
Generating code for file /home/travis/build/stdgregwar/elve/Core/interfaces/LayoutPlugin.h...
Generating code for file /home/travis/build/stdgregwar/elve/Core/interfaces/LoaderInterface.cpp...
Generating code for file /home/travis/build/stdgregwar/elve/Core/interfaces/LookFactoryPlugin.cpp...
Generating code for file /home/travis/build/stdgregwar/elve/Core/interfaces/LookFactoryPlugin.h...
Generating code for file /home/travis/build/stdgregwar/elve/Core/interfaces/NodeLook.cpp...
Generating code for file /home/travis/build/stdgregwar/elve/Core/interfaces/NodeLook.h...
Generating code for file /home/travis/build/stdgregwar/elve/Core/interfaces/Plugin.cpp...
Generating code for file /home/travis/build/stdgregwar/elve/Core/interfaces/Plugin.h...
Generating code for file /home/travis/build/stdgregwar/elve/Core/LinearConstraint.cpp...
Generating code for file /home/travis/build/stdgregwar/elve/Core/LinearConstraint.h...
Generating code for file /home/travis/build/stdgregwar/elve/Core/Movable.cpp...
Generating code for file /home/travis/build/stdgregwar/elve/Core/Movable.h...
Generating code for file /home/travis/build/stdgregwar/elve/Core/Node.cpp...
Generating code for file /home/travis/build/stdgregwar/elve/Core/Node.h...
Generating code for file /home/travis/build/stdgregwar/elve/Core/NodeData.cpp...
Generating code for file /home/travis/build/stdgregwar/elve/Core/NodeData.h...
Generating code for file /home/travis/build/stdgregwar/elve/Core/PluginManager.cpp...
Generating code for file /home/travis/build/stdgregwar/elve/Core/PluginManager.h...
Generating code for file /home/travis/build/stdgregwar/elve/Core/Point.cpp...
Generating code for file /home/travis/build/stdgregwar/elve/Core/Point.h...
Generating code for file /home/travis/build/stdgregwar/elve/Core/PointConstraint.cpp...
Generating code for file /home/travis/build/stdgregwar/elve/Core/PointConstraint.h...
Generating code for file /home/travis/build/stdgregwar/elve/Core/QuadTree.cpp...
Generating code for file /home/travis/build/stdgregwar/elve/Core/QuadTree.h...
Generating code for file /home/travis/build/stdgregwar/elve/Core/QuadTreeNode.cpp...
Generating code for file /home/travis/build/stdgregwar/elve/Core/QuadTreeNode.h...
Generating code for file /home/travis/build/stdgregwar/elve/Core/Selection.cpp...
Generating code for file /home/travis/build/stdgregwar/elve/Core/Selection.h...
Generating code for file /home/travis/build/stdgregwar/elve/Core/Singleton.h...
Generating code for file /home/travis/build/stdgregwar/elve/Core/Spring.cpp...
Generating code for file /home/travis/build/stdgregwar/elve/Core/Spring.h...
Generat/home/travis/build/stdgregwar/elve/Core/Singleton.h:13: warning: Member get() (function) of class Singleton is not documented.
/home/travis/build/stdgregwar/elve/Core/BoxConstraint.h:14: warning: Member setBounds(const QRectF &bounds) (function) of class Elve::BoxConstraint is not documented.
/home/travis/build/stdgregwar/elve/Core/BoxConstraint.h:15: warning: Member constrain(Point &point) override (function) of class Elve::BoxConstraint is not documented.
/home/travis/build/stdgregwar/elve/Core/CommandHistory.h:13: warning: Member CommandHistory(const QJsonValue &json) (function) of class Elve::CommandHistory is not documented.
/home/travis/build/stdgregwar/elve/Core/CommandHistory.h:14: warning: Member CommandHistory(const CommandHistory &before) (function) of class Elve::CommandHistory is not documented.
/home/travis/build/stdgregwar/elve/Core/CommandHistory.h:15: warning: Member add(const std::string &cmd) (function) of class Elve::CommandHistory is not documented.
/home/travis/build/stdgregwar/elve/Core/CommandHistory.h:16: warning: Member pop() (function) of class Elve::CommandHistory is not documented.
/home/travis/build/stdgregwar/elve/Core/CommandHistory.h:17: warning: Member last() const  (function) of class Elve::CommandHistory is not documented.
/home/travis/build/stdgregwar/elve/Core/CommandHistory.h:18: warning: Member json() const  (function) of class Elve::CommandHistory is not documented.
/home/travis/build/stdgregwar/elve/Core/Constraint.h:11: warning: Member constrain(Point &mass)=0 (function) of class Elve::Constraint is not documented.
/home/travis/build/stdgregwar/elve/Core/Damp.h:11: warning: Member Damp(qreal b) (function) of class Elve::Damp is not documented.
/home/travis/build/stdgregwar/elve/Core/Damp.h:12: warning: Member force(const Point &m) const override (function) of class Elve::Damp is not documented.
/home/travis/build/stdgregwar/elve/Core/ExtendedGraph.h:182: warning: Member clone(const SharedGraph &graph, const NodePositions &positions={}) const  (function) of class Elve::ExtendedGraph is not documented.
/home/travis/build/stdgregwar/elve/Core/Force.h:13: warning: Member force(const Point &m) const =0 (function) of class Elve::Force is not documented.
/home/travis/build/stdgregwar/elve/Core/Graph.h:20: warning: Member Pin(const NodeID &id) (function) of class Elve::Pin is not documented.
/home/travis/build/stdgregwar/elve/Core/Graph.h:21: warning: Member Pin(const NodeID &id, const Index &index) (function) of class Elve::Pin is not documented.
/home/travis/build/stdgregwar/elve/Core/Graph.h:22: warning: Member id (variable) of class Elve::Pin is not documented.
/home/travis/build/stdgregwar/elve/Core/Graph.h:23: warning: Member index (variable) of class Elve::Pin is not documented.
/home/travis/build/stdgregwar/elve/Core/Graph.h:29: warning: Member operator()(const Pin &p) const  (function) of class Elve::Pin_hash is not documented.
/home/travis/build/stdgregwar/elve/Core/Graph.h:65: warning: argument 'exluded' of command @param is not found in the argument list of Elve::Graph::Graph(const SharedData &data, const SparseData &extraData, const Aliases &aliases)
/home/travis/build/stdgregwar/elve/Core/Graph.h:96: warning: argument 'xrefitem' of command @param is not found in the argument list of Elve::Graph::clusterize(size_t level)
/home/travis/build/stdgregwar/elve/Core/GraphData.h:63: warning: Member GraphData(const QJsonObject &obj) (function) of class Elve::GraphData is not documented.
/home/travis/build/stdgregwar/elve/Core/GraphData.h:64: warning: Member nodeDatas() const  (function) of class Elve::GraphData is not documented.
/home/travis/build/stdgregwar/elve/Core/GraphData.h:65: warning: Member filename() const  (function) of class Elve::GraphData is not documented.
/home/travis/build/stdgregwar/elve/Core/GraphData.h:66: warning: Member json() const  (function) of class Elve::GraphData is not documented.
/home/travis/build/stdgregwar/elve/Core/GraphData.h:19: warning: Member setDependencies(const NodeName &name, const NodeNames &dependencies) (function) of class Elve::GraphData::Builder is not documented.
/home/travis/build/stdgregwar/elve/Core/GraphData.h:20: warning: Member setDependencies(const NodeName &name, const Dependencies &dependencies) (function) of class Elve::GraphData::Builder is not documented.
/home/travis/build/stdgregwar/elve/Core/GraphData.h:21: warning: Member setProperties(const NodeName &name, const NodeProperties &props) (function) of class Elve::GraphData::Builder is not documented.
/home/travis/build/stdgregwar/elve/Core/GraphData.h:22: warning: Member addProperty(const NodeName &name, const QString &pname, const QJsonValue &val) (function) of class Elve::GraphData::Builder is not documented.
/home/travis/build/stdgregwar/elve/Core/GraphData.h:23: warning: Member setNodeInputNames(const NodeName &name, const Names &names) (function) of class Elve::GraphData::Builder is not documented.
/home/travis/build/stdgregwar/elve/Core/GraphData.h:24: warning: Member setNodeOutputNames(const NodeName &name, const Names &names) (function) of class Elve::GraphData::Builder is not documented.
/home/travis/build/stdgregwar/elve/Core/GraphData.h:25: warning: Member setNode(const NodeName &name, const Node &node) (function) of class Elve::GraphData::Builder is not documented.
/home/travis/build/stdgregwar/elve/Core/GraphData.h:27: warning: Member properties(const NodeName &name) (function) of class Elve::GraphData::Builder is not documented.
/home/travis/build/stdgregwar/elve/Core/GraphData.h:28: warning: Member setType(const NodeName &name, const NodeType &type) (function) of class Elve::GraphData::Builder is not documented.
/home/travis/build/stdgregwar/elve/Core/GraphData.h:29: warning: Member setIoIndex(const NodeName &name, const Index &index) (function) of class Elve::GraphData::Builder is not documented.
/home/travis/build/stdgregwar/elve/Core/GraphData.h:30: warning: Member build(const QString &filename) (function) of class Elve::GraphData::Builder is not documented.
/home/travis/build/stdgregwar/elve/Core/GraphData.h:32: warning: Member id(const NodeName &name) (function) of class Elve::GraphData::Builder is not documented.
/home/travis/build/stdgregwar/elve/Core/GraphData.h:33: warning: Member type(const NodeID &id) (function) of class Elve::GraphData::Builder is not documented.
/home/travis/build/stdgregwar/elve/Core/GraphData.h:34: warning: Member props(const NodeID &id) (function) of class Elve::GraphData::Builder is not documented.
/home/travis/build/stdgregwar/elve/Core/GraphData.h:35: warning: Member index(const NodeID &id) (function) of class Elve::GraphData::Builder is not documented.
/home/travis/build/stdgregwar/elve/Core/GraphData.h:36: warning: Member dependencies(const NodeID &id) (function) of class Elve::GraphData::Builder is not documented.
/home/travis/build/stdgregwar/elve/Core/GraphData.h:37: warning: Member nodeInputNames(const NodeID &id) (function) of class Elve::GraphData::Builder is not documented.
/home/travis/build/stdgregwar/elve/Core/GraphData.h:38: warning: Member nodeOutputNames(const NodeID &id) (function) of class Elve::GraphData::Builder is not documented.
/home/travis/build/stdgregwar/elve/Core/GraphData.h:39: warning: Member nodeInputCount(const NodeID &id) (function) of class Elve::GraphData::Builder is not documented.
/home/travis/build/stdgregwar/elve/Core/GraphData.h:40: warning: Member nodeOutputCount(const NodeID &id) (function) of class Elve::GraphData::Builder is not documented.
/home/travis/build/stdgregwar/elve/Core/GraphData.h:42: warning: Member outputs() const  (function) of class Elve::GraphData::Builder is not documented.
/home/travis/build/stdgregwar/elve/Core/GraphData.h:43: warning: Member inputs() const  (function) of class Elve::GraphData::Builder is not documented.
/home/travis/build/stdgregwar/elve/Core/GraphData.h:44: warning: Member name(const NodeID &id) const  (function) of class Elve::GraphData::Builder is not documented.
/home/travis/build/stdgregwar/elve/Core/GraphWidget.h:74: warning: Member borderSelect() (slot) of class Elve::GraphWidget is not documented.
/home/travis/build/stdgregwar/elve/Core/GraphWidget.h:75: warning: Member toggleSelection() (slot) of class Elve::GraphWidget is not documented.
/home/travis/build/stdgregwar/elve/Core/GraphWidget.h:76: warning: Member group() (slot) of class Elve::GraphWidget is not documented.
/home/travis/build/stdgregwar/elve/Core/GraphWidget.h:77: warning: Member ungroup() (slot) of class Elve::GraphWidget is not documented.
/home/travis/build/stdgregwar/elve/Core/GraphWidget.h:78: warning: Member setCurrentMask(int i) (slot) of class Elve::GraphWidget is not documented.
/home/travis/build/stdgregwar/elve/Core/GraphWidget.h:80: warning: Member maskChanged(int i) (signal) of class Elve::GraphWidget is not documented.
/home/travis/build/stdgregwar/elve/Core/GraphWidget.h:32: warning: Member GraphWidget(QWidget *parent=nullptr, GraphWidgetListener *listener=new DummyListener()) (function) of class Elve::GraphWidget is not documented.
/home/travis/build/stdgregwar/elve/Core/GraphWidget.h:34: warning: Member setGraph(SharedEGraph graph, unsigned quickTicks=500) (function) of class Elve::GraphWidget is not documented.
/home/travis/build/stdgregwar/elve/Core/GraphWidget.h:37: warning: Member tick(float dt, bool update=true) (function) of class Elve::GraphWidget is not documented.
/home/travis/build/stdgregwar/elve/Core/GraphWidget.h:40: warning: Member init() (function) of class Elve::GraphWidget is not documented.
/home/travis/build/stdgregwar/elve/Core/GraphWidget.h:43: warning: Member timerEvent(QTimerEvent *event) override (function) of class Elve::GraphWidget is not documented.
/home/travis/build/stdgregwar/elve/Core/GraphWidget.h:44: warning: Member wheelEvent(QWheelEvent *event) override (function) of class Elve::GraphWidget is not documented.
/home/travis/build/stdgregwar/elve/Core/GraphWidget.h:45: warning: Member showEvent(QShowEvent *event) (function) of class Elve::GraphWidget is not documented.
/home/travis/build/stdgregwar/elve/Core/GraphWidget.h:46: warning: Member mousePressEvent(QMouseEvent *event) override (function) of class Elve::GraphWidget is not documented.
/home/travis/build/stdgregwar/elve/Core/GraphWidget.h:47: warning: Member mouseReleaseEvent(QMouseEvent *event) override (function) of class Elve::GraphWidget is not documented.
/home/travis/build/stdgregwar/elve/Core/GraphWidget.h:48: warning: Member mouseDoubleClickEvent(QMouseEvent *event) override (function) of class Elve::GraphWidget is not documented.
/home/travis/build/stdgregwar/elve/Core/GraphWidget.h:49: warning: Member mouseMoveEvent(QMouseEvent *event) override (function) of class Elve::GraphWidget is not documented.
/home/travis/build/stdgregwar/elve/Core/GraphWidget.h:50: warning: Member keyPressEvent(QKeyEvent *event) override (function) of class Elve::GraphWidget is not documented.
/home/travis/build/stdgregwar/elve/Core/GraphWidget.h:52: warning: Member group(const Selection &names, const NodeName &groupName="group") (function) of class Elve::GraphWidget is not documented.
/home/travis/build/stdgregwar/elve/Core/GraphWidget.h:53: warning: Member ungroup(const NodeIDSet &names) (function) of class Elve::GraphWidget is not documented.
/home/travis/build/stdgregwar/elve/Core/GraphWidget.h:55: warning: Member quickSim(unsigned ticks) (function) of class Elve::GraphWidget is not documented.
/home/travis/build/stdgregwar/elve/Core/GraphWidget.h:56: warning: Member setLayout(const SharedLayout &l) (function) of class Elve::GraphWidget is not documented.
/home/travis/build/stdgregwar/elve/Core/GraphWidget.h:57: warning: Member reflect(System &sys, SharedGraph g, SharedLook lf) (function) of class Elve::GraphWidget is not documented.
/home/travis/build/stdgregwar/elve/Core/GraphWidget.h:59: warning: Member select(const NodeIDSet &names, SelectionMode mode) (function) of class Elve::GraphWidget is not documented.
/home/travis/build/stdgregwar/elve/Core/GraphWidget.h:61: warning: Member drawBackground(QPainter *painter, const QRectF &rect) override (function) of class Elve::GraphWidget is not documented.
/home/travis/build/stdgregwar/elve/Core/GraphWidget.h:62: warning: Member drawForeground(QPainter *painter, const QRectF &rect) override (function) of class Elve::GraphWidget is not documented.
/home/travis/build/stdgregwar/elve/Core/GraphWidget.h:64: warning: Member fit() (function) of class Elve::GraphWidget is not documented.
/home/travis/build/stdgregwar/elve/Core/GraphWidget.h:66: warning: Member updateSelectionColor() (function) of class Elve::GraphWidget is not documented.
/home/travis/build/stdgregwar/elve/Core/GraphWidget.h:68: warning: Member graph() const  (function) of class Elve::GraphWidget is not documented.
/home/travis/build/stdgregwar/elve/Core/GraphWidget.h:69: warning: Member scene() (function) of class Elve::GraphWidget is not documented.
/home/travis/build/stdgregwar/elve/Core/Gravity.h:13: warning: Member Gravity(qreal k) (function) of class Elve::Gravity is not documented.
/home/travis/build/stdgregwar/elve/Core/Gravity.h:14: warning: Member force(const Point &m) const override (function) of class Elve::Gravity is not documented.
/home/travis/build/stdgregwar/elve/Core/Gravity.h:15: warning: Member plainOldGravity(const Point &m) const  (function) of class Elve::Gravity is not documented.
/home/travis/build/stdgregwar/elve/Core/Gravity.h:16: warning: Member quadGravity(const Point &m) const  (function) of class Elve::Gravity is not documented.
/home/travis/build/stdgregwar/elve/Core/Gravity.h:17: warning: Member setQuadTreeBounds(const QRectF bounds) (function) of class Elve::Gravity is not documented.
/home/travis/build/stdgregwar/elve/Core/Gravity.h:18: warning: Member updateQuadTree() (function) of class Elve::Gravity is not documented.
/home/travis/build/stdgregwar/elve/Core/Gravity.h:19: warning: Member addPoint(const Point *m) (function) of class Elve::Gravity is not documented.
/home/travis/build/stdgregwar/elve/Core/Gravity.h:20: warning: Member clear() (function) of class Elve::Gravity is not documented.
/home/travis/build/stdgregwar/elve/Core/Gravity.h:21: warning: Member debug(QPainter *p) const  (function) of class Elve::Gravity is not documented.
/home/travis/build/stdgregwar/elve/Core/Gravity.h:22: warning: Member setK(qreal k) (function) of class Elve::Gravity is not documented.
/home/travis/build/stdgregwar/elve/Core/interfaces/GraphTransformPlugin.h:49: warning: Member type() const =0 (function) of class Elve::GraphTransformPlugin is not documented.
/home/travis/build/stdgregwar/elve/Core/interfaces/GraphTransformPlugin.h:50: warning: Member name() const =0 (function) of class Elve::GraphTransformPlugin is not documented.
/home/travis/build/stdgregwar/elve/Core/interfaces/GraphTransformPlugin.h:51: warning: Member cliName() const =0 (function) of class Elve::GraphTransformPlugin is not documented.
/home/travis/build/stdgregwar/elve/Core/interfaces/GraphWidgetListener.h:17: warning: Member graphChanged(SharedEGraph oldGraph, SharedEGraph newGraph)=0 (function) of class Elve::GraphWidgetListener is not documented.
/home/travis/build/stdgregwar/elve/Core/interfaces/GraphWidgetListener.h:18: warning: Member runCommand(const QString &cmd)=0 (function) of class Elve::GraphWidgetListener is not documented.
/home/travis/build/stdgregwar/elve/Core/interfaces/NodeLook.h:68: warning: Member mousePressEvent(QGraphicsSceneMouseEvent *event) override (function) of class Elve::NodeLook is not documented.
/home/travis/build/stdgregwar/elve/Core/interfaces/NodeLook.h:69: warning: Member mouseReleaseEvent(QGraphicsSceneMouseEvent *event) override (function) of class Elve::NodeLook is not documented.
/home/travis/build/stdgregwar/elve/Core/interfaces/NodeLook.h:70: warning: Member mouseMoveEvent(QGraphicsSceneMouseEvent *event) override (function) of class Elve::NodeLook is not documented.
/home/travis/build/stdgregwar/elve/Core/interfaces/NodeLook.h:71: warning: Member onStateChange(const QVector2D &pos, const QVector2D &speed) override (function) of class Elve::NodeLook is not documented.
/home/travis/build/stdgregwar/elve/Core/LinearConstraint.h:11: warning: Member Dir (enumeration) of class Elve::LinearConstraint is not documented.
/home/travis/build/stdgregwar/elve/Core/LinearConstraint.h:16: warning: Member LinearConstraint(qreal position, qreal hardness, Dir direction) (function) of class Elve::LinearConstraint is not documented.
/home/travis/build/stdgregwar/elve/Core/LinearConstraint.h:17: warning: Member constrain(Point &mass) override (function) of class Elve::LinearConstraint is not documented.
/home/travis/build/stdgregwar/elve/Core/LinearConstraint.h:18: warning: Member constrainVert(Point &mass) (function) of class Elve::LinearConstraint is not documented.
/home/travis/build/stdgregwar/elve/Core/LinearConstraint.h:19: warning: Member constrainHor(Point &mass) (function) of class Elve::LinearConstraint is not documented.
/home/travis/build/stdgregwar/elve/Core/Movable.h:13: warning: Member onStateChange(const QVector2D &pos, const QVector2D &speed)=0 (function) of class Elve::Movable is not documented.
/home/travis/build/stdgregwar/elve/Core/Movable.h:14: warning: Member setState(const QVector2D &pos, const QVector2D &speed) (function) of class Elve::Movable is not documented.
/home/travis/build/stdgregwar/elve/Core/Movable.h:15: warning: Member setPoint(Point *m) (function) of class Elve::Movable is not documented.
/home/travis/build/stdgregwar/elve/Core/Movable.h:16: warning: Member point() (function) of class Elve::Movable is not documented.
/home/travis/build/stdgregwar/elve/Core/Node.h:28: warning: Member Children (typedef) of class Elve::Node is not documented.
/home/travis/build/stdgregwar/elve/Core/Node.h:29: warning: Member Ancestors (typedef) of class Elve::Node is not documented.
/home/travis/build/stdgregwar/elve/Core/Node.h:37: warning: Member Fan (typedef) of class Elve::Node is not documented.
/home/travis/build/stdgregwar/elve/Core/Node.h:39: warning: Member Node(const NodeData &data) (function) of class Elve::Node is not documented.
/home/travis/build/stdgregwar/elve/Core/Node.h:40: warning: Member addChild(Node *child, Index from, Index to) (function) of class Elve::Node is not documented.
/home/travis/build/stdgregwar/elve/Core/Node.h:41: warning: Member addAncestor(Node *anc, Index from, Index to) (function) of class Elve::Node is not documented.
/home/travis/build/stdgregwar/elve/Core/Node.h:42: warning: Member IOIndex() const  (function) of class Elve::Node is not documented.
/home/travis/build/stdgregwar/elve/Core/Node.h:43: warning: Member ancestors() const  (function) of class Elve::Node is not documented.
/home/travis/build/stdgregwar/elve/Core/Node.h:44: warning: Member children() const  (function) of class Elve::Node is not documented.
/home/travis/build/stdgregwar/elve/Core/Node.h:45: warning: Member id() const  (function) of class Elve::Node is not documented.
/home/travis/build/stdgregwar/elve/Core/Node.h:46: warning: Member name() const  (function) of class Elve::Node is not documented.
/home/travis/build/stdgregwar/elve/Core/Node.h:47: warning: Member ancestorCount() const  (function) of class Elve::Node is not documented.
/home/travis/build/stdgregwar/elve/Core/Node.h:48: warning: Member childCount() const  (function) of class Elve::Node is not documented.
/home/travis/build/stdgregwar/elve/Core/Node.h:49: warning: Member inputCount() const  (function) of class Elve::Node is not documented.
/home/travis/build/stdgregwar/elve/Core/Node.h:50: warning: Member outputCount() const  (function) of class Elve::Node is not documented.
/home/travis/build/stdgregwar/elve/Core/Node.h:51: warning: Member inputName(Index i) const  (function) of class Elve::Node is not documented.
/home/travis/build/stdgregwar/elve/Core/Node.h:52: warning: Member outputName(Index i) const  (function) of class Elve::Node is not documented.
/home/travis/build/stdgregwar/elve/Core/Node.h:53: warning: Member fanIn() const  (function) of class Elve::Node is not documented.
/home/travis/build/stdgregwar/elve/Core/Node.h:54: warning: Member fanOut() const  (function) of class Elve::Node is not documented.
/home/travis/build/stdgregwar/elve/Core/Node.h:55: warning: Member isInput() const  (function) of class Elve::Node is not documented.
/home/travis/build/stdgregwar/elve/Core/Node.h:56: warning: Member isOutput() const  (function) of class Elve::Node is not documented.
/home/travis/build/stdgregwar/elve/Core/Node.h:57: warning: Member type() const  (function) of class Elve::Node is not documented.
/home/travis/build/stdgregwar/elve/Core/Node.h:58: warning: Member isCluster() const  (function) of class Elve::Node is not documented.
/home/travis/build/stdgregwar/elve/Core/Node.h:59: warning: Member level() const  (function) of class Elve::Node is not documented.
/home/travis/build/stdgregwar/elve/Core/Node.h:60: warning: Member getClusteredGraph() const  (function) of class Elve::Node is not documented.
/home/travis/build/stdgregwar/elve/Core/Node.h:61: warning: Member setClusteredGraph(SharedGraph graph) (function) of class Elve::Node is not documented.
/home/travis/build/stdgregwar/elve/Core/Node.h:62: warning: Member properties() const  (function) of class Elve::Node is not documented.
/home/travis/build/stdgregwar/elve/Core/Node.h:63: warning: Member json() const  (function) of class Elve::Node is not documented.
/home/travis/build/stdgregwar/elve/Core/Node.h:64: warning: Member data() const  (function) of class Elve::Node is not documented.
/home/travis/build/stdgregwar/elve/Core/Node.h:32: warning: Member node (variable) of class Elve::Node::Connexion is not documented.
/home/travis/build/stdgregwar/elve/Core/Node.h:33: warning: Member from (variable) of class Elve::Node::Connexion is not documented.
/home/travis/build/stdgregwar/elve/Core/Node.h:34: warning: Member to (variable) of class Elve::Node::Connexion is not documented.
/home/travis/build/stdgregwar/elve/Core/NodeData.h:25: warning: Member Dependency(const NodeID &id) (function) of class Elve::Dependency is not documented.
/home/travis/build/stdgregwar/elve/Core/NodeData.h:26: warning: Member Dependency(const NodeID &id, Index from, Index to) (function) of class Elve::Dependency is not documented.
/home/travis/build/stdgregwar/elve/Core/NodeData.h:27: warning: Member Dependency(const QJsonArray &v) (function) of class Elve::Dependency is not documented.
/home/travis/build/stdgregwar/elve/Core/NodeData.h:28: warning: Member json() const  (function) of class Elve::Dependency is not documented.
/home/travis/build/stdgregwar/elve/Core/NodeData.h:29: warning: Member id (variable) of class Elve::Dependency is not documented.
/home/travis/build/stdgregwar/elve/Core/NodeData.h:30: warning: Member from (variable) of class Elve::Dependency is not documented.
/home/travis/build/stdgregwar/elve/Core/NodeData.h:31: warning: Member to (variable) of class Elve::Dependency is not documented.
/home/travis/build/stdgregwar/elve/Core/NodeData.h:52: warning: Member NodeData(const NodeID &id=-1, const NodeName &name="unnamed", const Dependencies &dependencies={}, const NodeType &type=NODE, const NodeProperties &props={}, const Index &ioindex=0, int inputCount=2, int outputCount=1, const Names &inputNames={}, const Names &outputNames={}) (function) of class Elve::NodeData is not documented.
/home/travis/build/stdgregwar/elve/Core/NodeData.h:54: warning: Member NodeData(const QJsonObject &obj) (function) of class Elve::NodeData is not documented.
/home/travis/build/stdgregwar/elve/Core/NodeData.h:55: warning: Member properties() const  (function) of class Elve::NodeData is not documented.
/home/travis/build/stdgregwar/elve/Core/NodeData.h:56: warning: Member properties() (function) of class Elve::NodeData is not documented.
/home/travis/build/stdgregwar/elve/Core/NodeData.h:57: warning: Member id() const  (function) of class Elve::NodeData is not documented.
/home/travis/build/stdgregwar/elve/Core/NodeData.h:58: warning: Member dependencies() const  (function) of class Elve::NodeData is not documented.
/home/travis/build/stdgregwar/elve/Core/NodeData.h:59: warning: Member type() const  (function) of class Elve::NodeData is not documented.
/home/travis/build/stdgregwar/elve/Core/NodeData.h:60: warning: Member ioIndex() const  (function) of class Elve::NodeData is not documented.
/home/travis/build/stdgregwar/elve/Core/NodeData.h:61: warning: Member json() const  (function) of class Elve::NodeData is not documented.
/home/travis/build/stdgregwar/elve/Core/NodeData.h:62: warning: Member name() const  (function) of class Elve::NodeData is not documented.
/home/travis/build/stdgregwar/elve/Core/NodeData.h:63: warning: Member inputCount() const  (function) of class Elve::NodeData is not documented.
/home/travis/build/stdgregwar/elve/Core/NodeData.h:64: warning: Member outputCount() const  (function) of class Elve::NodeData is not documented.
/home/travis/build/stdgregwar/elve/Core/NodeData.h:65: warning: Member inputName(const Index &i) const  (function) of class Elve::NodeData is not documented.
/home/travis/build/stdgregwar/elve/Core/NodeData.h:66: warning: Member outputName(const Index &i) const  (function) of class Elve::NodeData is not documented.
/home/travis/build/stdgregwar/elve/Core/NodeData.h:67: warning: Member asInput(const NodeID &newId, const Index &io) const  (function) of class Elve::NodeData is not documented.
/home/travis/build/stdgregwar/elve/Core/NodeData.h:68: warning: Member asOutput(const NodeID &newID, const Index &io) const  (function) of class Elve::NodeData is not documented.
/home/travis/build/stdgregwar/elve/Core/PluginManager.h:30: warning: Member loaders() const  (function) of class Elve::PluginManager is not documented.
/home/travis/build/stdgregwar/elve/Core/PluginManager.h:31: warning: Member exporters() const  (function) of class Elve::PluginManager is not documented.
/home/travis/build/stdgregwar/elve/Core/PluginManager.h:32: warning: Member layouts() const  (function) of class Elve::PluginManager is not documented.
/home/travis/build/stdgregwar/elve/Core/PluginManager.h:33: warning: Member transforms() const  (function) of class Elve::PluginManager is not documented.
/home/travis/build/stdgregwar/elve/Core/PluginManager.h:34: warning: Member looks() const  (function) of class Elve::PluginManager is not documented.
/home/travis/build/stdgregwar/elve/Core/PluginManager.h:35: warning: Member getLayout(const QString &name) const  (function) of class Elve::PluginManager is not documented.
/home/travis/build/stdgregwar/elve/Core/PluginManager.h:36: warning: Member defaultLayout() const  (function) of class Elve::PluginManager is not documented.
/home/travis/build/stdgregwar/elve/Core/PluginManager.h:37: warning: Member defaultLook() const  (function) of class Elve::PluginManager is not documented.
/home/travis/build/stdgregwar/elve/Core/PluginManager.h:38: warning: Member load(const QString &path) (function) of class Elve::PluginManager is not documented.
/home/travis/build/stdgregwar/elve/Core/Point.h:18: warning: Member Point(qreal mass, const NodeID &id) (function) of class Elve::Point is not documented.
/home/travis/build/stdgregwar/elve/Core/Point.h:19: warning: Member moved() const  (function) of class Elve::Point is not documented.
/home/travis/build/stdgregwar/elve/Core/Point.h:20: warning: Member pos() const  (function) of class Elve::Point is not documented.
/home/travis/build/stdgregwar/elve/Core/Point.h:21: warning: Member speed() const  (function) of class Elve::Point is not documented.
/home/travis/build/stdgregwar/elve/Core/Point.h:22: warning: Member mass() const  (function) of class Elve::Point is not documented.
/home/travis/build/stdgregwar/elve/Core/Point.h:23: warning: Member setPos(const QVector2D &pos) (function) of class Elve::Point is not documented.
/home/travis/build/stdgregwar/elve/Core/Point.h:24: warning: Member setSpeed(const QVector2D &speed) (function) of class Elve::Point is not documented.
/home/travis/build/stdgregwar/elve/Core/Point.h:25: warning: Member clearMovables() (function) of class Elve::Point is not documented.
/home/travis/build/stdgregwar/elve/Core/Point.h:26: warning: Member addMovable(Movable *m) (function) of class Elve::Point is not documented.
/home/travis/build/stdgregwar/elve/Core/Point.h:27: warning: Member removeMovable(Movable *m) (function) of class Elve::Point is not documented.
/home/travis/build/stdgregwar/elve/Core/Point.h:28: warning: Member addForce(Force *force) (function) of class Elve::Point is not documented.
/home/travis/build/stdgregwar/elve/Core/Point.h:29: warning: Member addConstraint(Constraint *c) (function) of class Elve::Point is not documented.
/home/travis/build/stdgregwar/elve/Core/Point.h:30: warning: Member resetForce() (function) of class Elve::Point is not documented.
/home/travis/build/stdgregwar/elve/Core/Point.h:31: warning: Member computeForce() (function) of class Elve::Point is not documented.
/home/travis/build/stdgregwar/elve/Core/Point.h:32: warning: Member tick(float dt, bool update=true) (function) of class Elve::Point is not documented.
/home/travis/build/stdgregwar/elve/Core/Point.h:33: warning: Member containerData() const  (function) of class Elve::Point is not documented.
/home/travis/build/stdgregwar/elve/Core/Point.h:34: warning: Member setContainerData(void *data) const  (function) of class Elve::Point is not documented.
/home/travis/build/stdgregwar/elve/Core/Point.h:35: warning: Member boundID() const  (function) of class Elve::Point is not documented.
/home/travis/build/stdgregwar/elve/Core/PointConstraint.h:12: warning: Member PointConstraint(const QVector2D &point) (function) of class Elve::PointConstraint is not documented.
/home/travis/build/stdgregwar/elve/Core/PointConstraint.h:13: warning: Member constrain(Point &mass) override (function) of class Elve::PointConstraint is not documented.
/home/travis/build/stdgregwar/elve/Core/QuadTree.h:18: warning: Member QuadTree(const QRectF &bounds) (function) of class Elve::QuadTree is not documented.
/home/travis/build/stdgregwar/elve/Core/QuadTree.h:19: warning: Member operator=(QuadTree &&other) (function) of class Elve::QuadTree is not documented.
/home/travis/build/stdgregwar/elve/Core/QuadTree.h:20: warning: Member addPoint(const Point *m) (function) of class Elve::QuadTree is not documented.
/home/travis/build/stdgregwar/elve/Core/QuadTree.h:21: warning: Member removePoint(const Point *r) (function) of class Elve::QuadTree is not documented.
/home/travis/build/stdgregwar/elve/Core/QuadTree.h:22: warning: Member movePoint(const Point *r) (function) of class Elve::QuadTree is not documented.
/home/travis/build/stdgregwar/elve/Core/QuadTree.h:23: warning: Member clear() (function) of class Elve::QuadTree is not documented.
/home/travis/build/stdgregwar/elve/Core/QuadTree.h:25: warning: Member reinsertAll() (function) of class Elve::QuadTree is not documented.
/home/travis/build/stdgregwar/elve/Core/QuadTree.h:27: warning: Member gravityFor(const Point &m) const  (function) of class Elve::QuadTree is not documented.
/home/travis/build/stdgregwar/elve/Core/QuadTree.h:29: warning: Member setBounds(const QRectF &bounds) (function) of class Elve::QuadTree is not documented.
/home/travis/build/stdgregwar/elve/Core/QuadTree.h:31: warning: Member rootNode() const  (function) of class Elve::QuadTree is not documented.
/home/travis/build/stdgregwar/elve/Core/QuadTree.h:32: warning: Member reset() (function) of class Elve::QuadTree is not documented.
/home/travis/build/stdgregwar/elve/Core/QuadTree.h:33: warning: Member bounds() const  (function) of class Elve::QuadTree is not documented.
/home/travis/build/stdgregwar/elve/Core/QuadTree.h:34: warning: Member debug(QPainter *p) const  (function) of class Elve::QuadTree is not documented.
/home/travis/build/stdgregwar/elve/Core/QuadTreeNode.h:16: warning: Member theta (variable) of class Elve::QuadTreeParams is not documented.
/home/travis/build/stdgregwar/elve/Core/QuadTreeNode.h:17: warning: Member depth (variable) of class Elve::QuadTreeParams is not documented.
/home/travis/build/stdgregwar/elve/Core/QuadTreeNode.h:18: warning: Member maxMasses (variable) of class Elve::QuadTreeParams is not documented.
/home/travis/build/stdgregwar/elve/Core/QuadTreeNode.h:25: warning: Member setCenterAndRadius(const QVector2D &pos, float radius) (function) of class Elve::QuadTreeNode is not documented.
/home/travis/build/stdgregwar/elve/Core/QuadTreeNode.h:26: warning: Member setChild(unsigned index, QuadTreeNode *node) (function) of class Elve::QuadTreeNode is not documented.
/home/travis/build/stdgregwar/elve/Core/QuadTreeNode.h:27: warning: Member setParent(QuadTreeNode *parent) (function) of class Elve::QuadTreeNode is not documented.
/home/travis/build/stdgregwar/elve/Core/QuadTreeNode.h:29: warning: Member addPoint(const Point *obj, const QuadTreeParams &params) (function) of class Elve::QuadTreeNode is not documented.
/home/travis/build/stdgregwar/elve/Core/QuadTreeNode.h:30: warning: Member remPoint(const Point *obj, const QuadTreeParams &params) (function) of class Elve::QuadTreeNode is not documented.
/home/travis/build/stdgregwar/elve/Core/QuadTreeNode.h:32: warning: Member gravityFor(const Point &m, const QuadTreeParams &params) const  (function) of class Elve::QuadTreeNode is not documented.
/home/travis/build/stdgregwar/elve/Core/QuadTreeNode.h:33: warning: Member leaf() const  (function) of class Elve::QuadTreeNode is not documented.
/home/travis/build/stdgregwar/elve/Core/QuadTreeNode.h:35: warning: Member reset() (function) of class Elve::QuadTreeNode is not documented.
/home/travis/build/stdgregwar/elve/Core/QuadTreeNode.h:36: warning: Member contain(const Point *o) const  (function) of class Elve::QuadTreeNode is not documented.
/home/travis/build/stdgregwar/elve/Core/QuadTreeNode.h:37: warning: Member getCenter() const  (function) of class Elve::QuadTreeNode is not documented.
/home/travis/build/stdgregwar/elve/Core/QuadTreeNode.h:38: warning: Member CoM() const  (function) of class Elve::QuadTreeNode is not documented.
/home/travis/build/stdgregwar/elve/Core/QuadTreeNode.h:39: warning: Member getRadius() const  (function) of class Elve::QuadTreeNode is not documented.
/home/travis/build/stdgregwar/elve/Core/QuadTreeNode.h:40: warning: Member mass() const  (function) of class Elve::QuadTreeNode is not documented.
/home/travis/build/stdgregwar/elve/Core/QuadTreeNode.h:41: warning: Member downOccupied() const  (function) of class Elve::QuadTreeNode is not documented.
/home/travis/build/stdgregwar/elve/Core/QuadTreeNode.h:42: warning: Member debug(QPainter *p) const  (function) of class Elve::QuadTreeNode is not documented.
/home/travis/build/stdgregwar/elve/Core/Selection.h:13: warning: Member Selection(const NodeIDSet &set) (function) of class Elve::Selection is not documented.
/home/travis/build/stdgregwar/elve/Core/Selection.h:14: warning: Member add(const NodeID &id) (function) of class Elve::Selection is not documented.
/home/travis/build/stdgregwar/elve/Core/Selection.h:15: warning: Member add(const Selection &other) (function) of class Elve::Selection is not documented.
/home/travis/build/stdgregwar/elve/Core/Selection.h:16: warning: Member sub(const Selection &other) (function) of class Elve::Selection is not documented.
/home/travis/build/stdgregwar/elve/Core/Selection.h:17: warning: Member sub(const NodeID &id) (function) of class Elve::Selection is not documented.
/home/travis/build/stdgregwar/elve/Core/Selection.h:18: warning: Member json() const  (function) of class Elve::Selection is not documented.
/home/travis/build/stdgregwar/elve/Core/Selection.h:19: warning: Member fromJson(const QJsonArray &arr) (function) of class Elve::Selection is not documented.
/home/travis/build/stdgregwar/elve/Core/Spring.h:13: warning: Member Spring(Point &first, Point &second, qreal l0, qreal k) (function) of class Elve::Spring is not documented.
/home/travis/build/stdgregwar/elve/Core/Spring.h:14: warning: Member force(const Point &m) const override (function) of class Elve::Spring is not documented.
/home/travis/build/stdgregwar/elve/Core/System.h:31: warning: Member tick(float dt, bool update=true) (function) of class Elve::System is not documented.
/home/travis/build/stdgregwar/elve/Core/System.h:32: warning: Member addPoint(qreal mass, const NodeID &id, QVector2D pos, qreal damp, GravityMode g=FULL) (function) of class Elve::System is not documented.
/home/travis/build/stdgregwar/elve/Core/System.h:33: warning: Member point(const NodeID &id) (function) of class Elve::System is not documented.
/home/travis/build/stdgregwar/elve/Core/System.h:34: warning: Member addSpring(unsigned i, unsigned j, qreal k, qreal l0) (function) of class Elve::System is not documented.
/home/travis/build/stdgregwar/elve/Core/System.h:35: warning: Member addSpring(Point *mi, Point *mj, qreal k, qreal l0) (function) of class Elve::System is not documented.
/home/travis/build/stdgregwar/elve/Core/System.h:36: warning: Member addVConstraint(Point *m, qreal height) (function) of class Elve::System is not documented.
/home/travis/build/stdgregwar/elve/Core/System.h:37: warning: Member addHConstraint(Point *m, qreal pos) (function) of class Elve::System is not documented.
/home/travis/build/stdgregwar/elve/Core/System.h:38: warning: Member addPConstrain(Point *m, const QVector2D &p) (function) of class Elve::System is not documented.
/home/travis/build/stdgregwar/elve/Core/System.h:39: warning: Member clear() (function) of class Elve::System is not documented.
/home/travis/build/stdgregwar/elve/Core/System.h:40: warning: Member clearMovables() (function) of class Elve::System is not documented.
/home/travis/build/stdgregwar/elve/Core/System.h:41: warning: Member massCount() const  (function) of class Elve::System is not documented.
/home/travis/build/stdgregwar/elve/Core/System.h:42: warning: Member forceCount() const  (function) of class Elve::System is not documented.
/home/travis/build/stdgregwar/elve/Core/System.h:43: warning: Member nearest(const QVector2D &p) const  (function) of class Elve::System is not documented.
/home/travis/build/stdgregwar/elve/Core/System.h:44: warning: Member positions() const  (function) of class Elve::System is not documented.
/home/travis/build/stdgregwar/elve/Core/System.h:45: warning: Member pointsByID() const  (function) of class Elve::System is not documented.
/home/travis/build/stdgregwar/elve/Core/System.h:46: warning: Member debug(QPainter *p) const  (function) of class Elve::System is not documented.
/home/travis/build/stdgregwar/elve/Core/System.h:47: warning: Member setSizeHint(const QRectF &rect) (function) of class Elve::System is not documented.
/home/travis/build/stdgregwar/elve/Core/System.h:48: warning: Member setOrientationHint(OrientationHint hint) (function) of class Elve::System is not documented.
/home/travis/build/stdgregwar/elve/Core/System.h:49: warning: Member setRepulsionForce(float f) (function) of class Elve::System is not documented.
/home/travis/build/stdgregwar/elve/Core/System.h:50: warning: Member orientationHint() const  (function) of class Elve::System is not documented.
/home/travis/build/stdgregwar/elve/Core/System.h:51: warning: Member transformPoint(const QVector2D &p) const  (function) of class Elve::System is not documented.
/home/travis/build/stdgregwar/elve/Core/System.h:52: warning: Member sizeHint() const  (function) of class Elve::System is not documented.
ing code for file /home/travis/build/stdgregwar/elve/Core/System.cpp...
Generating code for file /home/travis/build/stdgregwar/elve/Core/System.h...
Generating code for file /home/travis/build/stdgregwar/elve/Core/utils.h...
Generating file documentation...
Generating page documentation...
Generating docs for page deprecated...
Generating group documentation...
Generating class documentation...
Generating docs for compound Singleton...
Generating namespace index...
Generating docs for compound Elve::BoxConstraint...
Generating docs for compound Elve::CommandHistory...
Generating docs for compound Elve::Constraint...
Generating docs for compound Elve::Damp...
Generating docs for compound Elve::ExtendedGraph...
Generating docs for compound Elve::Force...
Generating docs for compound Elve::Pin...
Generating docs for compound Elve::Pin_hash...
Generating docs for compound Elve::Graph...
Generating docs for compound Elve::GraphData...
Generating docs for nested compound Elve::GraphData::Builder...
Generating docs for compound Elve::GraphWidget...
Generating docs for compound Elve::Gravity...
Generating docs for compound Elve::EdgeLook...
Generating docs for compound Elve::FileExporterPlugin...
Generating docs for compound Elve::GraphLoaderPlugin...
Generating docs for compound Elve::GraphTransformPlugin...
Generating docs for compound Elve::GraphWidgetListener...
Generating docs for compound Elve::DummyListener...
Generating docs for compound Elve::LayoutPlugin...
Generating docs for compound Elve::LookFactoryPlugin...
Generating docs for compound Elve::NodeLook...
Generating docs for compound Elve::Plugin...
Generating docs for compound Elve::LinearConstraint...
Generating docs for compound Elve::Movable...
Generating docs for compound Elve::Node...
Generating docs for nested compound Elve::Node::Connexion...
Generating docs for compound Elve::Dependency...
Generating docs for compound Elve::NodeData...
Generating docs for compound Elve::PluginManager...
Generating docs for compound Elve::Point...
Generating docs for compound Elve::PointConstraint...
Generating docs for compound Elve::QuadTree...
Generating docs for compound Elve::QuadTreeParams...
Generating docs for compound Elve::QuadTreeNode...
Generating docs for compound Elve::Selection...
Generating docs for compound Elve::Spring...
Generating docs for compound Elve::System...
Generating graph info page...
Generating index page...
Generating page index...
Generating module index...
Generating namespace index...
Generating namespace member index...
Generating annotated compound index...
Generating alphabetical compound index...
Generating hierarchical class index...
Generating member index...
Generating file index...
Generating file member index...
Generating example index...
finalizing index lists...
symbol cache used 685/65536 hits=27038 misses=685
lookup cache used 2132/65536 hits=12278 misses=2316
finished...
